0 info it worked if it ends with ok
1 verbose cli [ '/Users/shichongrui/.nvm/versions/node/v4.2.1/bin/node',
1 verbose cli   '/Users/shichongrui/.nvm/versions/node/v4.2.1/bin/npm',
1 verbose cli   'publish' ]
2 info using npm@3.3.8
3 info using node@v4.2.1
4 verbose publish [ '.' ]
5 silly cache add args [ '.', null ]
6 verbose cache add spec .
7 silly cache add parsed spec Result {
7 silly cache add   raw: '.',
7 silly cache add   scope: null,
7 silly cache add   name: null,
7 silly cache add   rawSpec: '.',
7 silly cache add   spec: '/Users/shichongrui/Work/genmo',
7 silly cache add   type: 'directory' }
8 verbose addLocalDirectory /Users/shichongrui/.npm/genmo/0.1.1/package.tgz not in flight; packing
9 info lifecycle genmo@0.1.1~prepublish: genmo@0.1.1
10 silly lifecycle genmo@0.1.1~prepublish: no script for prepublish, continuing
11 verbose tar pack [ '/Users/shichongrui/.npm/genmo/0.1.1/package.tgz',
11 verbose tar pack   '/Users/shichongrui/Work/genmo' ]
12 verbose tarball /Users/shichongrui/.npm/genmo/0.1.1/package.tgz
13 verbose folder /Users/shichongrui/Work/genmo
14 verbose addLocalTarball adding from inside cache /Users/shichongrui/.npm/genmo/0.1.1/package.tgz
15 silly cache afterAdd genmo@0.1.1
16 verbose afterAdd /Users/shichongrui/.npm/genmo/0.1.1/package/package.json not in flight; writing
17 verbose afterAdd /Users/shichongrui/.npm/genmo/0.1.1/package/package.json written
18 silly publish { name: 'genmo',
18 silly publish   version: '0.1.1',
18 silly publish   description: 'Generates models based off of json-schemas',
18 silly publish   main: 'index.js',
18 silly publish   keywords: [ 'json-schema' ],
18 silly publish   repository:
18 silly publish    { type: 'git',
18 silly publish      url: 'git+https://github.com/shichongrui/genmo.git' },
18 silly publish   author: { name: 'Matthew Sessions' },
18 silly publish   license: 'MIT',
18 silly publish   scripts: { test: 'tape tests/*.spec.js' },
18 silly publish   dependencies: { 'lorem-ipsum': '^1.0.3' },
18 silly publish   devDependencies: { jsonschema: '^1.0.2', tape: '^4.2.2' },
18 silly publish   readme: '#genmo\nGenerate intances of a jsonschema with fake data, good for mocking data\n\n###Usage\n    var genmo = require(\'genmo\')\n    var schema = {\n      type: \'object\',\n      properties: {\n        string: {\n          type: \'string\'\n        },\n        number: {\n          type: \'number\'\n        },\n        integer: {\n          type: \'integer\'\n        },\n        boolean: {\n          type: \'boolean\'\n        },\n        date: {\n          type: \'date\'\n        },\n        arrayString: {\n          type: \'array\',\n          items: {\n            type: \'string\'\n          }\n        },\n        arrayNumber: {\n          type: \'array\',\n          items: {\n            type: \'number\'\n          }\n        },\n        arrayDate: {\n          type: \'array\',\n          items: {\n            type: \'date\'\n          }\n        },\n        arrayObject: {\n          type: \'array\',\n          items: {\n            type: \'object\',\n            properties: {\n              string: {\n                type: \'string\'\n              }\n            }\n          }\n        },\n        nestedObject: {\n          type: \'object\',\n          properties: {\n            number: {\n              type: \'number\'\n            }\n          }\n        }\n      }\n    }\n    genmo(schema)\n\n    /* output\n    {\n      string: \'Commodo est consectetur irure eiusmod fugiat nostrud.\',\n      number: 49.28502864204347,\n      integer: 17,\n      boolean: true,\n      date: Tue Nov 10 2015 21:22:38 GMT-0700 (MST),\n      arrayString: [\n        \'Sit pariatur ipsum excepteur ex fugiat cupidatat.\'\n      ],\n      arrayNumber: [\n        79.39803048502654\n      ],\n      arrayDate: [\n        Tue Nov 10 2015 21:22:38 GMT-0700 (MST)\n      ],\n      arrayObject: [\n        {\n          string: \'Eu ullamco et incididunt deserunt pariatur elit sit amet.\'\n        }\n      ],\n      nestedObject:\n        {\n          number: 60.45338651165366\n        }\n      }\n    */\n',
18 silly publish   readmeFilename: 'README.md',
18 silly publish   gitHead: '24014d941ee39f989fb9e27d756f1be44a2680d3',
18 silly publish   bugs: { url: 'https://github.com/shichongrui/genmo/issues' },
18 silly publish   homepage: 'https://github.com/shichongrui/genmo#readme',
18 silly publish   _id: 'genmo@0.1.1',
18 silly publish   _shasum: '2758e2cf515c88027af3b40f573410e7abdeeaa3',
18 silly publish   _from: '.' }
19 verbose getPublishConfig undefined
20 silly mapToRegistry name genmo
21 silly mapToRegistry using default registry
22 silly mapToRegistry registry https://registry.npmjs.org/
23 silly mapToRegistry uri https://registry.npmjs.org/genmo
24 verbose publish registryBase https://registry.npmjs.org/
25 silly publish uploading /Users/shichongrui/.npm/genmo/0.1.1/package.tgz
26 verbose request uri https://registry.npmjs.org/genmo
27 verbose request sending authorization for write operation
28 info attempt registry request try #1 at 7:15:37 PM
29 verbose request using bearer token for auth
30 verbose request id b8f19c1299b19222
31 http request PUT https://registry.npmjs.org/genmo
32 http 403 https://registry.npmjs.org/genmo
33 verbose headers { 'content-type': 'application/json',
33 verbose headers   'cache-control': 'max-age=60',
33 verbose headers   'content-length': '95',
33 verbose headers   'accept-ranges': 'bytes',
33 verbose headers   date: 'Wed, 18 Nov 2015 02:15:32 GMT',
33 verbose headers   via: '1.1 varnish',
33 verbose headers   connection: 'keep-alive',
33 verbose headers   'x-served-by': 'cache-lax1431-LAX',
33 verbose headers   'x-cache': 'MISS',
33 verbose headers   'x-cache-hits': '0',
33 verbose headers   'x-timer': 'S1447812931.904198,VS0,VE185' }
34 verbose request invalidating /Users/shichongrui/.npm/registry.npmjs.org/genmo on PUT
35 error publish Failed PUT 403
36 verbose stack Error: "You cannot publish over the previously published version 0.1.1." : genmo
36 verbose stack     at makeError (/Users/shichongrui/.nvm/versions/node/v4.2.1/lib/node_modules/npm/node_modules/npm-registry-client/lib/request.js:264:12)
36 verbose stack     at CachingRegistryClient.<anonymous> (/Users/shichongrui/.nvm/versions/node/v4.2.1/lib/node_modules/npm/node_modules/npm-registry-client/lib/request.js:252:14)
36 verbose stack     at Request._callback (/Users/shichongrui/.nvm/versions/node/v4.2.1/lib/node_modules/npm/node_modules/npm-registry-client/lib/request.js:172:14)
36 verbose stack     at Request.self.callback (/Users/shichongrui/.nvm/versions/node/v4.2.1/lib/node_modules/npm/node_modules/request/request.js:198:22)
36 verbose stack     at emitTwo (events.js:87:13)
36 verbose stack     at Request.emit (events.js:172:7)
36 verbose stack     at Request.<anonymous> (/Users/shichongrui/.nvm/versions/node/v4.2.1/lib/node_modules/npm/node_modules/request/request.js:1063:14)
36 verbose stack     at emitOne (events.js:82:20)
36 verbose stack     at Request.emit (events.js:169:7)
36 verbose stack     at IncomingMessage.<anonymous> (/Users/shichongrui/.nvm/versions/node/v4.2.1/lib/node_modules/npm/node_modules/request/request.js:1009:12)
37 verbose statusCode 403
38 verbose pkgid genmo
39 verbose cwd /Users/shichongrui/Work/genmo
40 error Darwin 15.0.0
41 error argv "/Users/shichongrui/.nvm/versions/node/v4.2.1/bin/node" "/Users/shichongrui/.nvm/versions/node/v4.2.1/bin/npm" "publish"
42 error node v4.2.1
43 error npm  v3.3.8
44 error code E403
45 error "You cannot publish over the previously published version 0.1.1." : genmo
46 error If you need help, you may report this error at:
46 error     <https://github.com/npm/npm/issues>
47 verbose exit [ 1, true ]
